<?xml version="1.0" encoding="UTF-8"?>
<testsuite xmlns:xsi="http://www.w3.org/2001/XMLSchema-instance" xsi:noNamespaceSchemaLocation="https://maven.apache.org/surefire/maven-surefire-plugin/xsd/surefire-test-report.xsd" version="3.0.2" name="com.example.tecnologia.DemoApplicationTests" time="13.662" tests="1" errors="0" skipped="0" failures="0">
  <properties>
[...]
</properties>
  <testcase name="contextLoads" classname="com.example.tecnologia.DemoApplicationTests" time="0.619">
    <system-out><![CDATA[21:05:23.190 [main] INFO org.springframework.test.context.support.AnnotationConfigContextLoaderUtils -- Could not detect default configuration classes for test class [com.example.tecnologia.DemoApplicationTests]: DemoApplicationTests does not declare any static, non-private, non-final, nested classes annotated with @Configuration.
21:05:23.452 [main] INFO org.springframework.boot.test.context.SpringBootTestContextBootstrapper -- Found @SpringBootConfiguration com.example.tecnologia.DemoApplication for test class com.example.tecnologia.DemoApplicationTests
21:05:23.754 [main] INFO org.springframework.boot.devtools.restart.RestartApplicationListener -- Restart disabled due to context in which it is running

  .   ____          _            __ _ _
 /\\ / ___'_ __ _ _(_)_ __  __ _ \ \ \ \
( ( )\___ | '_ | '_| | '_ \/ _` | \ \ \ \
 \\/  ___)| |_)| | | | | || (_| |  ) ) ) )
  '  |____| .__|_| |_|_| |_\__, | / / / /
 =========|_|==============|___/=/_/_/_/

 :: Spring Boot ::                (v3.4.3)

2026-06-12T21:05:24.484-03:00  INFO 22588 --- [           main] c.e.tecnologia.DemoApplicationTests      : Starting DemoApplicationTests using Java 21.0.11 with PID 22588 (started by Iromedes in D:\dev\financeiro-core-service)
2026-06-12T21:05:24.486-03:00  INFO 22588 --- [           main] c.e.tecnologia.DemoApplicationTests      : No active profile set, falling back to 1 default profile: "default"
2026-06-12T21:05:26.864-03:00  INFO 22588 --- [           main] .s.d.r.c.RepositoryConfigurationDelegate : Bootstrapping Spring Data JPA repositories in DEFAULT mode.
2026-06-12T21:05:27.021-03:00  INFO 22588 --- [           main] .s.d.r.c.RepositoryConfigurationDelegate : Finished Spring Data repository scanning in 143 ms. Found 4 JPA repository interfaces.
2026-06-12T21:05:28.638-03:00  INFO 22588 --- [           main] o.hibernate.jpa.internal.util.LogHelper  : HHH000204: Processing PersistenceUnitInfo [name: default]
2026-06-12T21:05:28.787-03:00  INFO 22588 --- [           main] org.hibernate.Version                    : HHH000412: Hibernate ORM core version 6.6.8.Final
2026-06-12T21:05:28.850-03:00  INFO 22588 --- [           main] o.h.c.internal.RegionFactoryInitiator    : HHH000026: Second-level cache disabled
2026-06-12T21:05:29.475-03:00  INFO 22588 --- [           main] o.s.o.j.p.SpringPersistenceUnitInfo      : No LoadTimeWeaver setup: ignoring JPA class transformer
2026-06-12T21:05:29.553-03:00  INFO 22588 --- [           main] com.zaxxer.hikari.HikariDataSource       : HikariPool-1 - Starting...
2026-06-12T21:05:29.576-03:00  INFO 22588 --- [           main] com.zaxxer.hikari.HikariDataSource       : HikariPool-1 - Start completed.
2026-06-12T21:05:30.450-03:00  WARN 22588 --- [           main] org.hibernate.orm.deprecation            : HHH90000025: OracleDialect does not need to be specified explicitly using 'hibernate.dialect' (remove the property setting and it will be selected by default)
2026-06-12T21:05:30.719-03:00  INFO 22588 --- [           main] org.hibernate.orm.connections.pooling    : HHH10001005: Database info:
	Database JDBC URL [Connecting through datasource 'HikariDataSource (HikariPool-1)']
	Database driver: undefined/unknown
	Database version: 21.3
	Autocommit mode: undefined/unknown
	Isolation level: undefined/unknown
	Minimum pool size: undefined/unknown
	Maximum pool size: undefined/unknown
2026-06-12T21:05:31.924-03:00  INFO 22588 --- [           main] o.h.e.t.j.p.i.JtaPlatformInitiator       : HHH000489: No JTA platform available (set 'hibernate.transaction.jta.platform' to enable JTA platform integration)
Hibernate: 
    drop table lancamento cascade constraints
Hibernate: 
    drop table lucros cascade constraints
Hibernate: 
    drop table tb_transacao cascade constraints
Hibernate: 
    drop table tb_usuario cascade constraints
Hibernate: 
    drop sequence sq_lancamento
Hibernate: 
    drop sequence tb_usuario_seq
Hibernate: 
    create sequence sq_lancamento start with 1 increment by 1
Hibernate: 
    create sequence tb_usuario_seq start with 1 increment by 1
Hibernate: 
    create table lancamento (
        data_vencimento date,
        valor number(19,2) not null,
        id number(19,0) not null,
        usuario_id number(19,0) not null,
        descricao varchar2(100 char) not null,
        primary key (id)
    )
Hibernate: 
    create table lucros (
        dividendos number(38,2),
        reinvestimento number(38,2),
        savings number(38,2),
        valor_original number(38,2),
        data_registro timestamp(6),
        id number(19,0) generated by default as identity,
        primary key (id)
    )
Hibernate: 
    create table tb_transacao (
        valor number(38,2) not null,
        data timestamp(6) not null,
        id number(19,0) generated by default as identity,
        usuario_id number(19,0) not null,
        categoria varchar2(255 char) not null,
        descricao varchar2(255 char) not null,
        primary key (id)
    )
Hibernate: 
    create table tb_usuario (
        id number(19,0) not null,
        email varchar2(255 char) not null unique,
        nome varchar2(255 char) not null,
        senha varchar2(255 char) not null,
        primary key (id)
    )
Hibernate: 
    alter table lancamento 
       add constraint FK1h6odeqg61i536y5sbplqglxi 
       foreign key (usuario_id) 
       references tb_usuario
Hibernate: 
    alter table tb_transacao 
       add constraint FKdw9c1ygtc5up388amjgb87lfc 
       foreign key (usuario_id) 
       references tb_usuario
2026-06-12T21:05:32.392-03:00  INFO 22588 --- [           main] j.LocalContainerEntityManagerFactoryBean : Initialized JPA EntityManagerFactory for persistence unit 'default'
2026-06-12T21:05:33.010-03:00  INFO 22588 --- [           main] r$InitializeUserDetailsManagerConfigurer : Global AuthenticationManager configured with UserDetailsService bean with name autenticacaoService
2026-06-12T21:05:34.970-03:00  INFO 22588 --- [           main] c.e.tecnologia.DemoApplicationTests      : Started DemoApplicationTests in 11.246 seconds (process running for 13.441)
Hibernate: 
    select
        u1_0.id,
        u1_0.email,
        u1_0.nome,
        u1_0.senha 
    from
        tb_usuario u1_0
Hibernate: 
    select
        tb_usuario_seq.nextval 
    from
        dual
Hibernate: 
    insert 
    into
        tb_usuario
        (email, nome, senha, id) 
    values
        (?, ?, ?, ?)
>>> USUÁRIO RESETADO E CRIADO COM SUCESSO!
Hibernate: 
    select
        count(*) 
    from
        tb_usuario u1_0
]]></system-out>
    <system-err><![CDATA[Mockito is currently self-attaching to enable the inline-mock-maker. This will no longer work in future releases of the JDK. Please add Mockito as an agent to your build what is described in Mockito's documentation: https://javadoc.io/doc/org.mockito/mockito-core/latest/org/mockito/Mockito.html#0.3
WARNING: A Java agent has been loaded dynamically (C:\Users\Irome\.m2\repository\net\bytebuddy\byte-buddy-agent\1.15.11\byte-buddy-agent-1.15.11.jar)
WARNING: If a serviceability tool is in use, please run with -XX:+EnableDynamicAgentLoading to hide this warning
WARNING: If a serviceability tool is not in use, please run with -Djdk.instrument.traceUsage for more information
WARNING: Dynamic loading of agents will be disallowed by default in a future release
]]></system-err>
  </testcase>
</testsuite>